2017/08/30 13:05:51 にビルドを開始しました。
     1>ノード 2 上のプロジェクト "C:\Users\Teruru\Documents\Glim-Tack\0718授業用.vcxproj" (Build ターゲット)。
     1>Link:
         C:\Program Files (x86)\Microsoft Visual Studio 12.0\VC\bin\link.exe /ERRORREPORT:PROMPT /OUT:"C:\Users\Teruru\Documents\Glim-Tack\Debug\GameSystemSample.exe" /INCREMENTAL /NOLOGO /LIBPATH:C:\DxLibFile kernel32.lib user32.lib gdi32.lib winspool.lib comdlg32.lib advapi32.lib shell32.lib ole32.lib oleaut32.lib uuid.lib odbc32.lib odbccp32.lib /MANIFEST /MANIFESTUAC:"level='asInvoker' uiAccess='false'" /manifest:embed /DEBUG /PDB:"C:\Users\Teruru\Documents\Glim-Tack\Debug\GameSystemSample.pdb" /SUBSYSTEM:WINDOWS /TLBID:1 /DYNAMICBASE /NXCOMPAT /IMPLIB:"C:\Users\Teruru\Documents\Glim-Tack\Debug\GameSystemSample.lib" /MACHINE:X86 Debug\Board.obj
         Debug\CharaSelect.obj
         Debug\Colt_1.obj
         Debug\Colt_2.obj
         Debug\Colt_3.obj
         Debug\FG.obj
         Debug\GameMain.obj
         Debug\GameInit.obj
         Debug\Controller.obj
         Debug\GamePlay.obj
         Debug\Menu.obj
         Debug\Player.obj
         Debug\Score.obj
         Debug\TestScene.obj
         Debug\Time.obj
         Debug\Title.obj
         Debug\Unit.obj
         LINK : 前回のインクリメンタル リンクで C:\Users\Teruru\Documents\Glim-Tack\Debug\GameSystemSample.exe が見つからなかったか、ビルドされませんでした。フル リンクを行います。
            ライブラリ C:\Users\Teruru\Documents\Glim-Tack\Debug\GameSystemSample.lib とオブジェクト C:\Users\Teruru\Documents\Glim-Tack\Debug\GameSystemSample.exp を作成中
         0718授業用.vcxproj -> C:\Users\Teruru\Documents\Glim-Tack\Debug\GameSystemSample.exe
     1>プロジェクト "C:\Users\Teruru\Documents\Glim-Tack\0718授業用.vcxproj" (Build ターゲット) のビルドが完了しました。

ビルドに成功しました。

経過時間 00:00:00.87
